c:\users\hahmed\source\repos\managing-randomness-to-enable-reproducible-ml\naive_bayes_2\x64\release\vc142.pdb
c:\users\hahmed\source\repos\managing-randomness-to-enable-reproducible-ml\naive_bayes_2\x64\release\naivebayesian.obj
c:\users\hahmed\source\repos\managing-randomness-to-enable-reproducible-ml\naive_bayes_2\x64\release\main.obj
c:\users\hahmed\source\repos\managing-randomness-to-enable-reproducible-ml\naive_bayes_2\x64\release\machinelearning.obj
c:\users\hahmed\source\repos\managing-randomness-to-enable-reproducible-ml\naive_bayes_2\x64\release\bayesiannetwork.obj
c:\users\hahmed\source\repos\managing-randomness-to-enable-reproducible-ml\naive_bayes_2\x64\release\bayesian.obj
c:\users\hahmed\source\repos\managing-randomness-to-enable-reproducible-ml\naive_bayes_2\x64\release\srand-rand-functions.obj
c:\users\hahmed\source\repos\managing-randomness-to-enable-reproducible-ml\naive_bayes_2\x64\release\naive_bayes_2.exe
c:\users\hahmed\source\repos\managing-randomness-to-enable-reproducible-ml\naive_bayes_2\x64\release\naive_bayes_2.pdb
c:\users\hahmed\source\repos\managing-randomness-to-enable-reproducible-ml\naive_bayes_2\x64\release\naive_bayes_2.lib
c:\users\hahmed\source\repos\managing-randomness-to-enable-reproducible-ml\naive_bayes_2\x64\release\naive_bayes_2.exp
c:\users\hahmed\source\repos\managing-randomness-to-enable-reproducible-ml\naive_bayes_2\x64\release\naive_bayes_2.ipdb
c:\users\hahmed\source\repos\managing-randomness-to-enable-reproducible-ml\naive_bayes_2\x64\release\naive_bayes_2.iobj
c:\users\hahmed\source\repos\managing-randomness-to-enable-reproducible-ml\naive_bayes_2\x64\release\naive_bayes_2.tlog\cl.command.1.tlog
c:\users\hahmed\source\repos\managing-randomness-to-enable-reproducible-ml\naive_bayes_2\x64\release\naive_bayes_2.tlog\cl.read.1.tlog
c:\users\hahmed\source\repos\managing-randomness-to-enable-reproducible-ml\naive_bayes_2\x64\release\naive_bayes_2.tlog\cl.write.1.tlog
c:\users\hahmed\source\repos\managing-randomness-to-enable-reproducible-ml\naive_bayes_2\x64\release\naive_bayes_2.tlog\link.command.1.tlog
c:\users\hahmed\source\repos\managing-randomness-to-enable-reproducible-ml\naive_bayes_2\x64\release\naive_bayes_2.tlog\link.read.1.tlog
c:\users\hahmed\source\repos\managing-randomness-to-enable-reproducible-ml\naive_bayes_2\x64\release\naive_bayes_2.tlog\link.write.1.tlog
c:\users\hahmed\source\repos\managing-randomness-to-enable-reproducible-ml\naive_bayes_2\x64\release\naive_bayes_2.tlog\naive_bayes_2.write.1u.tlog
